<?xml version="1.0" encoding="UTF-8"?>
<!-- Generated by org.testng.reporters.JUnitReportReporter -->
<testsuite hostname="USER-PC" failures="0" tests="2" name="test.Day_1" time="0.017" errors="0" timestamp="2023-02-02T13:58:25 IST" skipped="0">
  <testcase classname="test.Day_1" name="demo2" time="0.003"/>
  <system-out/>
  <testcase classname="test.Day_1" name="demo" time="0.014"/>
  <system-out/>
</testsuite> <!-- test.Day_1 -->
