<?xml version="1.0" encoding="UTF-8"?>
<!-- Generated by org.testng.reporters.JUnitReportReporter -->
<testsuite hostname="USER-PC" failures="0" tests="1" name="test.Day_2" time="0.002" errors="0" timestamp="2023-02-02T13:58:25 IST" skipped="0">
  <testcase classname="test.Day_2" name="ploan" time="0.002"/>
  <system-out/>
</testsuite> <!-- test.Day_2 -->
